Using pre-set license
Built from '2021.3/staging' branch; Version is '2021.3.16f1 (4016570cf34f) revision 4200023'; Using compiler version '192829333'; Build Type 'Release'
OS: 'Windows 11  (10.0.22621) 64bit Core' Language: 'en' Physical Memory: 15720 MB
BatchMode: 1, IsHumanControllingUs: 0, StartBugReporterOnCrash: 0, Is64bit: 1, IsPro: 1

COMMAND LINE ARGUMENTS:
D:\Unity Editor\2021.3.16f1\Editor\Unity.exe
-adb2
-batchMode
-noUpm
-name
AssetImportWorker2
-projectPath
D:/Unity Projects/AnimalMatch/AnimalMatch/AnimalMatch
-logFile
Logs/AssetImportWorker2.log
-srvPort
64418
Successfully changed project path to: D:/Unity Projects/AnimalMatch/AnimalMatch/AnimalMatch
D:/Unity Projects/AnimalMatch/AnimalMatch/AnimalMatch
[UnityMemory] Configuration Parameters - Can be set up in boot.config
    "memorysetup-bucket-allocator-granularity=16"
    "memorysetup-bucket-allocator-bucket-count=8"
    "memorysetup-bucket-allocator-block-size=33554432"
    "memorysetup-bucket-allocator-block-count=8"
    "memorysetup-main-allocator-block-size=16777216"
    "memorysetup-thread-allocator-block-size=16777216"
    "memorysetup-gfx-main-allocator-block-size=16777216"
    "memorysetup-gfx-thread-allocator-block-size=16777216"
    "memorysetup-cache-allocator-block-size=4194304"
    "memorysetup-typetree-allocator-block-size=2097152"
    "memorysetup-profiler-bucket-allocator-granularity=16"
    "memorysetup-profiler-bucket-allocator-bucket-count=8"
    "memorysetup-profiler-bucket-allocator-block-size=33554432"
    "memorysetup-profiler-bucket-allocator-block-count=8"
    "memorysetup-profiler-allocator-block-size=16777216"
    "memorysetup-profiler-editor-allocator-block-size=1048576"
    "memorysetup-temp-allocator-size-main=16777216"
    "memorysetup-job-temp-allocator-block-size=2097152"
    "memorysetup-job-temp-allocator-block-size-background=1048576"
    "memorysetup-job-temp-allocator-reduction-small-platforms=262144"
    "memorysetup-temp-allocator-size-background-worker=32768"
    "memorysetup-temp-allocator-size-job-worker=262144"
    "memorysetup-temp-allocator-size-preload-manager=33554432"
    "memorysetup-temp-allocator-size-nav-mesh-worker=65536"
    "memorysetup-temp-allocator-size-audio-worker=65536"
    "memorysetup-temp-allocator-size-cloud-worker=32768"
    "memorysetup-temp-allocator-size-gi-baking-worker=262144"
    "memorysetup-temp-allocator-size-gfx=262144"
Player connection [32264] Host "[IP] 172.27.96.1 [Port] 0 [Flags] 2 [Guid] 3159382148 [EditorId] 3159382148 [Version] 1048832 [Id] WindowsEditor(7,FredCA) [Debug] 1 [PackageName] WindowsEditor [ProjectName] Editor" joined multi-casting on [225.0.0.222:54997]...

Player connection [32264] Host "[IP] 172.27.96.1 [Port] 0 [Flags] 2 [Guid] 3159382148 [EditorId] 3159382148 [Version] 1048832 [Id] WindowsEditor(7,FredCA) [Debug] 1 [PackageName] WindowsEditor [ProjectName] Editor" joined alternative multi-casting on [225.0.0.222:34997]...

Refreshing native plugins compatible for Editor in 110.28 ms, found 4 plugins.
Preloading 0 native plugins for Editor in 0.00 ms.
Initialize engine version: 2021.3.16f1 (4016570cf34f)
[Subsystems] Discovering subsystems at path D:/Unity Editor/2021.3.16f1/Editor/Data/Resources/UnitySubsystems
[Subsystems] Discovering subsystems at path D:/Unity Projects/AnimalMatch/AnimalMatch/AnimalMatch/Assets
GfxDevice: creating device client; threaded=0; jobified=0
Direct3D:
    Version:  Direct3D 11.0 [level 11.1]
    Renderer: NVIDIA GeForce RTX 3060 Laptop GPU (ID=0x2560)
    Vendor:   NVIDIA
    VRAM:     6009 MB
    Driver:   31.0.15.2849
Initialize mono
Mono path[0] = 'D:/Unity Editor/2021.3.16f1/Editor/Data/Managed'
Mono path[1] = 'D:/Unity Editor/2021.3.16f1/Editor/Data/MonoBleedingEdge/lib/mono/unityjit-win32'
Mono config path = 'D:/Unity Editor/2021.3.16f1/Editor/Data/MonoBleedingEdge/etc'
Using monoOptions --debugger-agent=transport=dt_socket,embedding=1,server=y,suspend=n,address=127.0.0.1:56260
Begin MonoManager ReloadAssembly
Registering precompiled unity dll's ...
Register platform support module: D:/Unity Editor/2021.3.16f1/Editor/Data/PlaybackEngines/WebGLSupport/UnityEditor.WebGL.Extensions.dll
Register platform support module: D:/Unity Editor/2021.3.16f1/Editor/Data/PlaybackEngines/MacStandaloneSupport/UnityEditor.OSXStandalone.Extensions.dll
Register platform support module: D:/Unity Editor/2021.3.16f1/Editor/Data/PlaybackEngines/AndroidPlayer/UnityEditor.Android.Extensions.dll
Register platform support module: D:/Unity Editor/2021.3.16f1/Editor/Data/PlaybackEngines/iOSSupport/UnityEditor.iOS.Extensions.dll
Register platform support module: D:/Unity Editor/2021.3.16f1/Editor/Data/PlaybackEngines/AppleTVSupport/UnityEditor.AppleTV.Extensions.dll
Register platform support module: D:/Unity Editor/2021.3.16f1/Editor/Data/PlaybackEngines/WindowsStandaloneSupport/UnityEditor.WindowsStandalone.Extensions.dll
Register platform support module: D:/Unity Editor/2021.3.16f1/Editor/Data/PlaybackEngines/LinuxStandaloneSupport/UnityEditor.LinuxStandalone.Extensions.dll
Register platform support module: D:/Unity Editor/2021.3.16f1/Editor/Data/PlaybackEngines/MetroSupport/UnityEditor.UWP.Extensions.dll
Registered in 0.004204 seconds.
Native extension for UWP target not found
Native extension for LinuxStandalone target not found
Native extension for WindowsStandalone target not found
[usbmuxd] Start listen thread
[usbmuxd] Listen thread started
Native extension for AppleTV target not found
[usbmuxd] Start listen thread
[usbmuxd] Listen thread started
Native extension for iOS target not found
Native extension for Android target not found
Native extension for OSXStandalone target not found
Native extension for WebGL target not found
Refreshing native plugins compatible for Editor in 97.47 ms, found 4 plugins.
Preloading 0 native plugins for Editor in 0.00 ms.
Mono: successfully reloaded assembly
- Completed reload, in  0.623 seconds
Domain Reload Profiling:
	ReloadAssembly (624ms)
		BeginReloadAssembly (74ms)
			ExecutionOrderSort (0ms)
			DisableScriptedObjects (0ms)
			BackupInstance (0ms)
			ReleaseScriptingObjects (0ms)
			CreateAndSetChildDomain (1ms)
		EndReloadAssembly (462ms)
			LoadAssemblies (75ms)
			RebuildTransferFunctionScriptingTraits (0ms)
			SetupTypeCache (95ms)
			ReleaseScriptCaches (0ms)
			RebuildScriptCaches (24ms)
			SetupLoadedEditorAssemblies (298ms)
				LogAssemblyErrors (0ms)
				InitializePlatformSupportModulesInManaged (70ms)
				SetLoadedEditorAssemblies (0ms)
				RefreshPlugins (98ms)
				BeforeProcessingInitializeOnLoad (1ms)
				ProcessInitializeOnLoadAttributes (91ms)
				ProcessInitializeOnLoadMethodAttributes (38ms)
				AfterProcessingInitializeOnLoad (0ms)
				EditorAssembliesLoaded (0ms)
			ExecutionOrderSort2 (0ms)
			AwakeInstancesAfterBackupRestoration (0ms)
Platform modules already initialized, skipping
Registering precompiled user dll's ...
Registered in 0.007391 seconds.
Begin MonoManager ReloadAssembly
Symbol file LoadedFromMemory doesn't match image D:\Unity Projects\AnimalMatch\AnimalMatch\AnimalMatch\Library\PackageCache\com.unity.visualscripting@1.7.8\Editor\VisualScripting.Core\Dependencies\YamlDotNet\Unity.VisualScripting.YamlDotNet.dll
Symbol file LoadedFromMemory doesn't match image D:\Unity Projects\AnimalMatch\AnimalMatch\AnimalMatch\Library\PackageCache\com.unity.visualscripting@1.7.8\Editor\VisualScripting.Core\Dependencies\DotNetZip\Unity.VisualScripting.IonicZip.dll
Native extension for UWP target not found
Native extension for LinuxStandalone target not found
Native extension for WindowsStandalone target not found
Native extension for AppleTV target not found
Native extension for iOS target not found
Native extension for Android target not found
Native extension for OSXStandalone target not found
Native extension for WebGL target not found
Refreshing native plugins compatible for Editor in 98.64 ms, found 4 plugins.
Preloading 0 native plugins for Editor in 0.00 ms.
Mono: successfully reloaded assembly
Package Manager log level set to [2]
- Completed reload, in  1.231 seconds
Domain Reload Profiling:
	ReloadAssembly (1232ms)
		BeginReloadAssembly (198ms)
			ExecutionOrderSort (0ms)
			DisableScriptedObjects (5ms)
			BackupInstance (0ms)
			ReleaseScriptingObjects (0ms)
			CreateAndSetChildDomain (124ms)
		EndReloadAssembly (939ms)
			LoadAssemblies (95ms)
			RebuildTransferFunctionScriptingTraits (0ms)
			SetupTypeCache (237ms)
			ReleaseScriptCaches (1ms)
			RebuildScriptCaches (50ms)
			SetupLoadedEditorAssemblies (508ms)
				LogAssemblyErrors (0ms)
				InitializePlatformSupportModulesInManaged (23ms)
				SetLoadedEditorAssemblies (0ms)
				RefreshPlugins (99ms)
				BeforeProcessingInitializeOnLoad (97ms)
				ProcessInitializeOnLoadAttributes (242ms)
				ProcessInitializeOnLoadMethodAttributes (44ms)
				AfterProcessingInitializeOnLoad (2ms)
				EditorAssembliesLoaded (0ms)
			ExecutionOrderSort2 (0ms)
			AwakeInstancesAfterBackupRestoration (5ms)
Platform modules already initialized, skipping
========================================================================
Worker process is ready to serve import requests
Launched and connected shader compiler UnityShaderCompiler.exe after 0.06 seconds
Refreshing native plugins compatible for Editor in 0.97 ms, found 4 plugins.
Preloading 0 native plugins for Editor in 0.00 ms.
Unloading 4346 Unused Serialized files (Serialized files now loaded: 0)
Unloading 61 unused Assets / (229.4 KB). Loaded Objects now: 4782.
Memory consumption went from 162.1 MB to 161.8 MB.
Total: 3.628500 ms (FindLiveObjects: 0.312300 ms CreateObjectMapping: 0.135500 ms MarkObjects: 3.002200 ms  DeleteObjects: 0.177500 ms)

AssetImportParameters requested are different than current active one (requested -> active):
  custom:video-decoder-ogg-theora: a1e56fd34408186e4bbccfd4996cb3dc -> 
  custom:container-muxer-webm: aa71ff27fc2769a1b78a27578f13a17b -> 
  custom:container-demuxer-webm: 4f35f7cbe854078d1ac9338744f61a02 -> 
  custom:video-encoder-webm-vp8: eb34c28f22e8b96e1ab97ce403110664 -> 
  custom:video-codec-MediaFoundation-h265: 746d11721c4dcdbdad8f713fa42b33f4 -> 
  custom:audio-encoder-webm-vorbis: bf7c407c2cedff20999df2af8eb42d56 -> 
  custom:framework-win-MediaFoundation: 216162199b28c13a410421893ffa2e32 -> 
  custom:container-demuxer-ogg: 62fdf1f143b41e24485cea50d1cbac27 -> 
  custom:video-decoder-webm-vp8: 9c59270c3fd7afecdb556c50c9e8de78 -> 
  custom:audio-decoder-ogg-vorbis: bf7c407c2cedff20999df2af8eb42d56 -> 
========================================================================
Received Import Request.
  Time since last request: 535985.170157 seconds.
  path: Packages/com.unity.adaptiveperformance/package.json
  artifactKey: Guid(8f130960c4cfbbb48bf9253bc805e341) Importer(815301076,1909f56bfc062723c751e8b465ee728b)
Start importing Packages/com.unity.adaptiveperformance/package.json using Guid(8f130960c4cfbbb48bf9253bc805e341) Importer(815301076,1909f56bfc062723c751e8b465ee728b)  -> (artifact id: 'e851321da812e98d751a69e09dd840ca') in 0.060908 seconds 
========================================================================
Received Import Request.
  Time since last request: 14.501056 seconds.
  path: Packages/com.unity.adaptiveperformance.samsung.android/package.json
  artifactKey: Guid(84b84e8c00a114a7e8327cf782e7ec2a) Importer(815301076,1909f56bfc062723c751e8b465ee728b)
Start importing Packages/com.unity.adaptiveperformance.samsung.android/package.json using Guid(84b84e8c00a114a7e8327cf782e7ec2a) Importer(815301076,1909f56bfc062723c751e8b465ee728b)  -> (artifact id: '43122dd3b09a3f5cb2e2b4f8b91f761a') in 0.022607 seconds 
========================================================================
Received Import Request.
  Time since last request: 4.036051 seconds.
  path: Packages/com.unity.mobile.android-logcat/package.json
  artifactKey: Guid(77f50a85a97ec4c41ba7be166c574498) Importer(815301076,1909f56bfc062723c751e8b465ee728b)
Start importing Packages/com.unity.mobile.android-logcat/package.json using Guid(77f50a85a97ec4c41ba7be166c574498) Importer(815301076,1909f56bfc062723c751e8b465ee728b)  -> (artifact id: '955e973720457869cf0b6e33f24915b7') in 0.010792 seconds 
========================================================================
Received Import Request.
  Time since last request: 3.503443 seconds.
  path: Packages/com.unity.mobile.notifications/package.json
  artifactKey: Guid(9037b93af819441399710ccc3639dd18) Importer(815301076,1909f56bfc062723c751e8b465ee728b)
Start importing Packages/com.unity.mobile.notifications/package.json using Guid(9037b93af819441399710ccc3639dd18) Importer(815301076,1909f56bfc062723c751e8b465ee728b)  -> (artifact id: '932d4998f0acde239055945d0a4250f5') in 0.009749 seconds 
========================================================================
Received Import Request.
  Time since last request: 2.607975 seconds.
  path: Packages/com.unity.sysroot/package.json
  artifactKey: Guid(0445a7983a983d97f848d19d5eeebf7b) Importer(815301076,1909f56bfc062723c751e8b465ee728b)
Start importing Packages/com.unity.sysroot/package.json using Guid(0445a7983a983d97f848d19d5eeebf7b) Importer(815301076,1909f56bfc062723c751e8b465ee728b)  -> (artifact id: 'fb14332418b93de526d3299a7788f38a') in 0.008634 seconds 
========================================================================
Received Import Request.
  Time since last request: 0.539117 seconds.
  path: Packages/com.unity.sysroot.linux-x86_64/package.json
  artifactKey: Guid(82b3e10190ae04847a3432984fd63265) Importer(815301076,1909f56bfc062723c751e8b465ee728b)
Start importing Packages/com.unity.sysroot.linux-x86_64/package.json using Guid(82b3e10190ae04847a3432984fd63265) Importer(815301076,1909f56bfc062723c751e8b465ee728b)  -> (artifact id: 'e8e660161033f65d4f8ef09e4fdb40a7') in 0.010049 seconds 
========================================================================
Received Import Request.
  Time since last request: 1.752030 seconds.
  path: Packages/com.unity.toolchain.win-x86_64-linux-x86_64/package.json
  artifactKey: Guid(53a81dbcb4dafb7278b549fdaad4b986) Importer(815301076,1909f56bfc062723c751e8b465ee728b)
Start importing Packages/com.unity.toolchain.win-x86_64-linux-x86_64/package.json using Guid(53a81dbcb4dafb7278b549fdaad4b986) Importer(815301076,1909f56bfc062723c751e8b465ee728b)  -> (artifact id: '2186c7ab9fabd3839a6bb11329b76ae8') in 0.009583 seconds 
========================================================================
Received Import Request.
  Time since last request: 0.360686 seconds.
  path: Packages/com.unity.profiling.core/package.json
  artifactKey: Guid(2c9e05a58e554a940ae0417d8ce7384a) Importer(815301076,1909f56bfc062723c751e8b465ee728b)
Start importing Packages/com.unity.profiling.core/package.json using Guid(2c9e05a58e554a940ae0417d8ce7384a) Importer(815301076,1909f56bfc062723c751e8b465ee728b)  -> (artifact id: 'f89ef6311f3a9168e91428e3311054e0') in 0.010050 seconds 
========================================================================
Received Import Request.
  Time since last request: 0.520856 seconds.
  path: Packages/com.unity.ugui/package.json
  artifactKey: Guid(319b8889f363f5947acf209c17a94149) Importer(815301076,1909f56bfc062723c751e8b465ee728b)
Start importing Packages/com.unity.ugui/package.json using Guid(319b8889f363f5947acf209c17a94149) Importer(815301076,1909f56bfc062723c751e8b465ee728b)  -> (artifact id: '1002360e272cf591a214daa5cb5c75f8') in 0.007823 seconds 
